Release 14.7 Map P.20131013 (nt64)
Xilinx Mapping Report File for Design 'cordic_top'

Design Information
------------------
Command Line   : map -intstyle ise -p xc6slx16-csg324-2 -w -logic_opt off -ol
high -t 1 -xt 0 -register_duplication off -r 4 -global_opt off -mt off -ir off
-pr off -lc off -power off -o cordic_top_map.ncd cordic_top.ngd cordic_top.pcf 
Target Device  : xc6slx16
Target Package : csg324
Target Speed   : -2
Mapper Version : spartan6 -- $Revision: 1.55 $
Mapped Date    : Sat Nov 12 18:26:06 2016

Design Summary
--------------
Number of errors:      0
Number of warnings:    0
Slice Logic Utilization:
  Number of Slice Registers:                 1,350 out of  18,224    7%
    Number used as Flip Flops:               1,350
    Number used as Latches:                      0
    Number used as Latch-thrus:                  0
    Number used as AND/OR logics:                0
  Number of Slice LUTs:                      1,331 out of   9,112   14%
    Number used as logic:                    1,272 out of   9,112   13%
      Number using O6 output only:           1,207
      Number using O5 output only:               3
      Number using O5 and O6:                   62
      Number used as ROM:                        0
    Number used as Memory:                      12 out of   2,176    1%
      Number used as Dual Port RAM:              0
      Number used as Single Port RAM:            0
      Number used as Shift Register:            12
        Number using O6 output only:             6
        Number using O5 output only:             0
        Number using O5 and O6:                  6
    Number used exclusively as route-thrus:     47
      Number with same-slice register load:     41
      Number with same-slice carry load:         6
      Number with other load:                    0

Slice Logic Distribution:
  Number of occupied Slices:                   397 out of   2,278   17%
  Number of MUXCYs used:                     1,292 out of   4,556   28%
  Number of LUT Flip Flop pairs used:        1,367
    Number with an unused Flip Flop:           113 out of   1,367    8%
    Number with an unused LUT:                  36 out of   1,367    2%
    Number of fully used LUT-FF pairs:       1,218 out of   1,367   89%
    Number of unique control sets:               3
    Number of slice register sites lost
      to control set restrictions:              16 out of  18,224    1%

  A LUT Flip Flop pair for this architecture represents one LUT paired with
  one Flip Flop within a slice.  A control set is a unique combination of
  clock, reset, set, and enable signals for a registered element.
  The Slice Logic Distribution report is not meaningful if the design is
  over-mapped for a non-slice resource or if Placement fails.

IO Utilization:
  Number of bonded IOBs:                       111 out of     232   47%

Specific Feature Utilization:
  Number of RAMB16BWERs:                         0 out of      32    0%
  Number of RAMB8BWERs:                          0 out of      64    0%
  Number of BUFIO2/BUFIO2_2CLKs:                 0 out of      32    0%
  Number of BUFIO2FB/BUFIO2FB_2CLKs:             0 out of      32    0%
  Number of BUFG/BUFGMUXs:                       1 out of      16    6%
    Number used as BUFGs:                        1
    Number used as BUFGMUX:                      0
  Number of DCM/DCM_CLKGENs:                     0 out of       4    0%
  Number of ILOGIC2/ISERDES2s:                   0 out of     248    0%
  Number of IODELAY2/IODRP2/IODRP2_MCBs:         0 out of     248    0%
  Number of OLOGIC2/OSERDES2s:                   0 out of     248    0%
  Number of BSCANs:                              0 out of       4    0%
  Number of BUFHs:                               0 out of     128    0%
  Number of BUFPLLs:                             0 out of       8    0%
  Number of BUFPLL_MCBs:                         0 out of       4    0%
  Number of DSP48A1s:                            0 out of      32    0%
  Number of ICAPs:                               0 out of       1    0%
  Number of MCBs:                                0 out of       2    0%
  Number of PCILOGICSEs:                         0 out of       2    0%
  Number of PLL_ADVs:                            0 out of       2    0%
  Number of PMVs:                                0 out of       1    0%
  Number of STARTUPs:                            0 out of       1    0%
  Number of SUSPEND_SYNCs:                       0 out of       1    0%

Average Fanout of Non-Clock Nets:                4.30

Peak Memory Usage:  610 MB
Total REAL time to MAP completion:  3 mins 22 secs 
Total CPU time to MAP completion:   3 mins 19 secs 

Table of Contents
-----------------
Section 1 - Errors
Section 2 - Warnings
Section 3 - Informational
Section 4 - Removed Logic Summary
Section 5 - Removed Logic
Section 6 - IOB Properties
Section 7 - RPMs
Section 8 - Guide Report
Section 9 - Area Group and Partition Summary
Section 10 - Timing Report
Section 11 - Configuration String Information
Section 12 - Control Set Information
Section 13 - Utilization by Hierarchy

Section 1 - Errors
------------------

Section 2 - Warnings
--------------------

Section 3 - Informational
-------------------------
INFO:MapLib:562 - No environment variables are currently set.
INFO:LIT:244 - All of the single ended outputs in this design are using slew
   rate limited output drivers. The delay on speed critical single ended outputs
   can be dramatically reduced by designating them as fast outputs.
INFO:Pack:1716 - Initializing temperature to 85.000 Celsius. (default - Range:
   0.000 to 85.000 Celsius)
INFO:Pack:1720 - Initializing voltage to 1.140 Volts. (default - Range: 1.140 to
   1.260 Volts)
INFO:Map:215 - The Interim Design Summary has been generated in the MAP Report
   (.mrp).
INFO:Pack:1650 - Map created a placed design.

Section 4 - Removed Logic Summary
---------------------------------
   2 block(s) optimized away

Section 5 - Removed Logic
-------------------------

Optimized Block(s):
TYPE 		BLOCK
GND 		XST_GND
VCC 		XST_VCC

To enable printing of redundant blocks removed and signals merged, set the
detailed map report option and rerun map.

Section 6 - IOB Properties
--------------------------

+---------------------------------------------------------------------------------------------------------------------------------------------------------+
| IOB Name                           | Type             | Direction | IO Standard          | Diff  | Drive    | Slew | Reg (s)      | Resistor | IOB      |
|                                    |                  |           |                      | Term  | Strength | Rate |              |          | Delay    |
+---------------------------------------------------------------------------------------------------------------------------------------------------------+
| clk                                | IOB              | INPUT     | LVCMOS25             |       |          |      |              |          |          |
| rotnvec_mode                       | IOB              | INPUT     | LVCMOS25             |       |          |      |              |          |          |
| rst_n                              | IOB              | INPUT     | LVCMOS25             |       |          |      |              |          |          |
| x_in<0>                            | IOB              | INPUT     | LVCMOS25             |       |          |      |              |          |          |
| x_in<1>                            | IOB              | INPUT     | LVCMOS25             |       |          |      |              |          |          |
| x_in<2>                            | IOB              | INPUT     | LVCMOS25             |       |          |      |              |          |          |
| x_in<3>                            | IOB              | INPUT     | LVCMOS25             |       |          |      |              |          |          |
| x_in<4>                            | IOB              | INPUT     | LVCMOS25             |       |          |      |              |          |          |
| x_in<5>                            | IOB              | INPUT     | LVCMOS25             |       |          |      |              |          |          |
| x_in<6>                            | IOB              | INPUT     | LVCMOS25             |       |          |      |              |          |          |
| x_in<7>                            | IOB              | INPUT     | LVCMOS25             |       |          |      |              |          |          |
| x_in<8>                            | IOB              | INPUT     | LVCMOS25             |       |          |      |              |          |          |
| x_in<9>                            | IOB              | INPUT     | LVCMOS25             |       |          |      |              |          |          |
| x_in<10>                           | IOB              | INPUT     | LVCMOS25             |       |          |      |              |          |          |
| x_in<11>                           | IOB              | INPUT     | LVCMOS25             |       |          |      |              |          |          |
| x_in<12>                           | IOB              | INPUT     | LVCMOS25             |       |          |      |              |          |          |
| x_in<13>                           | IOB              | INPUT     | LVCMOS25             |       |          |      |              |          |          |
| x_in<14>                           | IOB              | INPUT     | LVCMOS25             |       |          |      |              |          |          |
| x_in<15>                           | IOB              | INPUT     | LVCMOS25             |       |          |      |              |          |          |
| x_in<16>                           | IOB              | INPUT     | LVCMOS25             |       |          |      |              |          |          |
| x_in<17>                           | IOB              | INPUT     | LVCMOS25             |       |          |      |              |          |          |
| x_out<0>                           | IOB              | OUTPUT    | LVCMOS25             |       | 12       | SLOW |              |          |          |
| x_out<1>                           | IOB              | OUTPUT    | LVCMOS25             |       | 12       | SLOW |              |          |          |
| x_out<2>                           | IOB              | OUTPUT    | LVCMOS25             |       | 12       | SLOW |              |          |          |
| x_out<3>                           | IOB              | OUTPUT    | LVCMOS25             |       | 12       | SLOW |              |          |          |
| x_out<4>                           | IOB              | OUTPUT    | LVCMOS25             |       | 12       | SLOW |              |          |          |
| x_out<5>                           | IOB              | OUTPUT    | LVCMOS25             |       | 12       | SLOW |              |          |          |
| x_out<6>                           | IOB              | OUTPUT    | LVCMOS25             |       | 12       | SLOW |              |          |          |
| x_out<7>                           | IOB              | OUTPUT    | LVCMOS25             |       | 12       | SLOW |              |          |          |
| x_out<8>                           | IOB              | OUTPUT    | LVCMOS25             |       | 12       | SLOW |              |          |          |
| x_out<9>                           | IOB              | OUTPUT    | LVCMOS25             |       | 12       | SLOW |              |          |          |
| x_out<10>                          | IOB              | OUTPUT    | LVCMOS25             |       | 12       | SLOW |              |          |          |
| x_out<11>                          | IOB              | OUTPUT    | LVCMOS25             |       | 12       | SLOW |              |          |          |
| x_out<12>                          | IOB              | OUTPUT    | LVCMOS25             |       | 12       | SLOW |              |          |          |
| x_out<13>                          | IOB              | OUTPUT    | LVCMOS25             |       | 12       | SLOW |              |          |          |
| x_out<14>                          | IOB              | OUTPUT    | LVCMOS25             |       | 12       | SLOW |              |          |          |
| x_out<15>                          | IOB              | OUTPUT    | LVCMOS25             |       | 12       | SLOW |              |          |          |
| x_out<16>                          | IOB              | OUTPUT    | LVCMOS25             |       | 12       | SLOW |              |          |          |
| x_out<17>                          | IOB              | OUTPUT    | LVCMOS25             |       | 12       | SLOW |              |          |          |
| y_in<0>                            | IOB              | INPUT     | LVCMOS25             |       |          |      |              |          |          |
| y_in<1>                            | IOB              | INPUT     | LVCMOS25             |       |          |      |              |          |          |
| y_in<2>                            | IOB              | INPUT     | LVCMOS25             |       |          |      |              |          |          |
| y_in<3>                            | IOB              | INPUT     | LVCMOS25             |       |          |      |              |          |          |
| y_in<4>                            | IOB              | INPUT     | LVCMOS25             |       |          |      |              |          |          |
| y_in<5>                            | IOB              | INPUT     | LVCMOS25             |       |          |      |              |          |          |
| y_in<6>                            | IOB              | INPUT     | LVCMOS25             |       |          |      |              |          |          |
| y_in<7>                            | IOB              | INPUT     | LVCMOS25             |       |          |      |              |          |          |
| y_in<8>                            | IOB              | INPUT     | LVCMOS25             |       |          |      |              |          |          |
| y_in<9>                            | IOB              | INPUT     | LVCMOS25             |       |          |      |              |          |          |
| y_in<10>                           | IOB              | INPUT     | LVCMOS25             |       |          |      |              |          |          |
| y_in<11>                           | IOB              | INPUT     | LVCMOS25             |       |          |      |              |          |          |
| y_in<12>                           | IOB              | INPUT     | LVCMOS25             |       |          |      |              |          |          |
| y_in<13>                           | IOB              | INPUT     | LVCMOS25             |       |          |      |              |          |          |
| y_in<14>                           | IOB              | INPUT     | LVCMOS25             |       |          |      |              |          |          |
| y_in<15>                           | IOB              | INPUT     | LVCMOS25             |       |          |      |              |          |          |
| y_in<16>                           | IOB              | INPUT     | LVCMOS25             |       |          |      |              |          |          |
| y_in<17>                           | IOB              | INPUT     | LVCMOS25             |       |          |      |              |          |          |
| y_out<0>                           | IOB              | OUTPUT    | LVCMOS25             |       | 12       | SLOW |              |          |          |
| y_out<1>                           | IOB              | OUTPUT    | LVCMOS25             |       | 12       | SLOW |              |          |          |
| y_out<2>                           | IOB              | OUTPUT    | LVCMOS25             |       | 12       | SLOW |              |          |          |
| y_out<3>                           | IOB              | OUTPUT    | LVCMOS25             |       | 12       | SLOW |              |          |          |
| y_out<4>                           | IOB              | OUTPUT    | LVCMOS25             |       | 12       | SLOW |              |          |          |
| y_out<5>                           | IOB              | OUTPUT    | LVCMOS25             |       | 12       | SLOW |              |          |          |
| y_out<6>                           | IOB              | OUTPUT    | LVCMOS25             |       | 12       | SLOW |              |          |          |
| y_out<7>                           | IOB              | OUTPUT    | LVCMOS25             |       | 12       | SLOW |              |          |          |
| y_out<8>                           | IOB              | OUTPUT    | LVCMOS25             |       | 12       | SLOW |              |          |          |
| y_out<9>                           | IOB              | OUTPUT    | LVCMOS25             |       | 12       | SLOW |              |          |          |
| y_out<10>                          | IOB              | OUTPUT    | LVCMOS25             |       | 12       | SLOW |              |          |          |
| y_out<11>                          | IOB              | OUTPUT    | LVCMOS25             |       | 12       | SLOW |              |          |          |
| y_out<12>                          | IOB              | OUTPUT    | LVCMOS25             |       | 12       | SLOW |              |          |          |
| y_out<13>                          | IOB              | OUTPUT    | LVCMOS25             |       | 12       | SLOW |              |          |          |
| y_out<14>                          | IOB              | OUTPUT    | LVCMOS25             |       | 12       | SLOW |              |          |          |
| y_out<15>                          | IOB              | OUTPUT    | LVCMOS25             |       | 12       | SLOW |              |          |          |
| y_out<16>                          | IOB              | OUTPUT    | LVCMOS25             |       | 12       | SLOW |              |          |          |
| y_out<17>                          | IOB              | OUTPUT    | LVCMOS25             |       | 12       | SLOW |              |          |          |
| z_in<0>                            | IOB              | INPUT     | LVCMOS25             |       |          |      |              |          |          |
| z_in<1>                            | IOB              | INPUT     | LVCMOS25             |       |          |      |              |          |          |
| z_in<2>                            | IOB              | INPUT     | LVCMOS25             |       |          |      |              |          |          |
| z_in<3>                            | IOB              | INPUT     | LVCMOS25             |       |          |      |              |          |          |
| z_in<4>                            | IOB              | INPUT     | LVCMOS25             |       |          |      |              |          |          |
| z_in<5>                            | IOB              | INPUT     | LVCMOS25             |       |          |      |              |          |          |
| z_in<6>                            | IOB              | INPUT     | LVCMOS25             |       |          |      |              |          |          |
| z_in<7>                            | IOB              | INPUT     | LVCMOS25             |       |          |      |              |          |          |
| z_in<8>                            | IOB              | INPUT     | LVCMOS25             |       |          |      |              |          |          |
| z_in<9>                            | IOB              | INPUT     | LVCMOS25             |       |          |      |              |          |          |
| z_in<10>                           | IOB              | INPUT     | LVCMOS25             |       |          |      |              |          |          |
| z_in<11>                           | IOB              | INPUT     | LVCMOS25             |       |          |      |              |          |          |
| z_in<12>                           | IOB              | INPUT     | LVCMOS25             |       |          |      |              |          |          |
| z_in<13>                           | IOB              | INPUT     | LVCMOS25             |       |          |      |              |          |          |
| z_in<14>                           | IOB              | INPUT     | LVCMOS25             |       |          |      |              |          |          |
| z_in<15>                           | IOB              | INPUT     | LVCMOS25             |       |          |      |              |          |          |
| z_in<16>                           | IOB              | INPUT     | LVCMOS25             |       |          |      |              |          |          |
| z_in<17>                           | IOB              | INPUT     | LVCMOS25             |       |          |      |              |          |          |
| z_out<0>                           | IOB              | OUTPUT    | LVCMOS25             |       | 12       | SLOW |              |          |          |
| z_out<1>                           | IOB              | OUTPUT    | LVCMOS25             |       | 12       | SLOW |              |          |          |
| z_out<2>                           | IOB              | OUTPUT    | LVCMOS25             |       | 12       | SLOW |              |          |          |
| z_out<3>                           | IOB              | OUTPUT    | LVCMOS25             |       | 12       | SLOW |              |          |          |
| z_out<4>                           | IOB              | OUTPUT    | LVCMOS25             |       | 12       | SLOW |              |          |          |
| z_out<5>                           | IOB              | OUTPUT    | LVCMOS25             |       | 12       | SLOW |              |          |          |
| z_out<6>                           | IOB              | OUTPUT    | LVCMOS25             |       | 12       | SLOW |              |          |          |
| z_out<7>                           | IOB              | OUTPUT    | LVCMOS25             |       | 12       | SLOW |              |          |          |
| z_out<8>                           | IOB              | OUTPUT    | LVCMOS25             |       | 12       | SLOW |              |          |          |
| z_out<9>                           | IOB              | OUTPUT    | LVCMOS25             |       | 12       | SLOW |              |          |          |
| z_out<10>                          | IOB              | OUTPUT    | LVCMOS25             |       | 12       | SLOW |              |          |          |
| z_out<11>                          | IOB              | OUTPUT    | LVCMOS25             |       | 12       | SLOW |              |          |          |
| z_out<12>                          | IOB              | OUTPUT    | LVCMOS25             |       | 12       | SLOW |              |          |          |
| z_out<13>                          | IOB              | OUTPUT    | LVCMOS25             |       | 12       | SLOW |              |          |          |
| z_out<14>                          | IOB              | OUTPUT    | LVCMOS25             |       | 12       | SLOW |              |          |          |
| z_out<15>                          | IOB              | OUTPUT    | LVCMOS25             |       | 12       | SLOW |              |          |          |
| z_out<16>                          | IOB              | OUTPUT    | LVCMOS25             |       | 12       | SLOW |              |          |          |
| z_out<17>                          | IOB              | OUTPUT    | LVCMOS25             |       | 12       | SLOW |              |          |          |
+---------------------------------------------------------------------------------------------------------------------------------------------------------+

Section 7 - RPMs
----------------

Section 8 - Guide Report
------------------------
Guide not run on this design.

Section 9 - Area Group and Partition Summary
--------------------------------------------

Partition Implementation Status
-------------------------------

  No Partitions were found in this design.

-------------------------------

Area Group Information
----------------------

  No area groups were found in this design.

----------------------

Section 10 - Timing Report
--------------------------
A logic-level (pre-route) timing report can be generated by using Xilinx static
timing analysis tools, Timing Analyzer (GUI) or TRCE (command line), with the
mapped NCD and PCF files. Please note that this timing report will be generated
using estimated delay information. For accurate numbers, please generate a
timing report with the post Place and Route NCD file.

For more information about the Timing Analyzer, consult the Xilinx Timing
Analyzer Reference Manual; for more information about TRCE, consult the Xilinx
Command Line Tools User Guide "TRACE" chapter.

Section 11 - Configuration String Details
-----------------------------------------
Use the "-detail" map option to print out Configuration Strings

Section 12 - Control Set Information
------------------------------------
Use the "-detail" map option to print out Control Set Information.

Section 13 - Utilization by Hierarchy
-------------------------------------
Use the "-detail" map option to print out the Utilization by Hierarchy section.
